<?xml version="1.0" encoding="UTF-8"?>
<!-- Generated by org.testng.reporters.JUnitReportReporter -->
<testsuite hostname="HASEEFRAWTHAR" failures="0" tests="2" name="com.NopCommerece.testscripts.AdminLogin" time="14.838" errors="0" timestamp="2022-10-05T09:34:07 IST" skipped="0">
  <testcase classname="com.NopCommerece.testscripts.AdminLogin" name="invalidLogin" time="2.579"/>
  <system-out/>
  <testcase classname="com.NopCommerece.testscripts.AdminLogin" name="validLogin" time="12.259"/>
  <system-out/>
</testsuite> <!-- com.NopCommerece.testscripts.AdminLogin -->
