<?xml version="1.0" encoding="UTF-8"?>
<!-- Generated by org.testng.reporters.JUnitReportReporter -->
<testsuite hostname="HASEEFRAWTHAR" failures="0" tests="1" name="com.NopCommerece.testscripts.RegisterUsers" time="3.443" errors="0" timestamp="2022-10-05T10:16:31 IST" skipped="0">
  <testcase classname="com.NopCommerece.testscripts.RegisterUsers" name="registerUser" time="3.443"/>
  <system-out/>
</testsuite> <!-- com.NopCommerece.testscripts.RegisterUsers -->
